{"timestamp":"2025-07-23T16:05:18.105Z","level":"SYSTEM","message":"Iniciando servidor do sistema de barbearia..."}
{"timestamp":"2025-07-23T16:05:18.108Z","level":"SYSTEM","message":"Inicializando sistema WhatsApp..."}
{"timestamp":"2025-07-23T16:05:18.371Z","level":"SUCCESS","message":"Servidor rodando na porta 3000"}
{"timestamp":"2025-07-23T16:05:18.372Z","level":"SYSTEM","message":"WhatsApp Status: Aguardando conexão"}
{"timestamp":"2025-07-23T16:05:18.373Z","level":"INFO","message":"Sistema de barbearia totalmente operacional!","data":{"port":3000,"whatsappConnected":false,"features":["API REST completa","Controle de conflitos de agendamento","WhatsApp integrado","Chat interativo","Logs avançados"]}}
{"timestamp":"2025-07-23T16:05:37.200Z","level":"SYSTEM","message":"Recebido sinal SIGINT, encerrando servidor..."}
{"timestamp":"2025-07-23T16:05:37.206Z","level":"SYSTEM","message":"Servidor encerrado com sucesso"}
{"timestamp":"2025-07-23T16:05:39.861Z","level":"SYSTEM","message":"Iniciando servidor do sistema de barbearia..."}
{"timestamp":"2025-07-23T16:05:39.863Z","level":"SYSTEM","message":"Inicializando sistema WhatsApp..."}
{"timestamp":"2025-07-23T16:05:40.111Z","level":"SUCCESS","message":"Servidor rodando na porta 3000"}
{"timestamp":"2025-07-23T16:05:40.112Z","level":"SYSTEM","message":"WhatsApp Status: Aguardando conexão"}
{"timestamp":"2025-07-23T16:05:40.113Z","level":"INFO","message":"Sistema de barbearia totalmente operacional!","data":{"port":3000,"whatsappConnected":false,"features":["API REST completa","Controle de conflitos de agendamento","WhatsApp integrado","Chat interativo","Logs avançados"]}}
{"timestamp":"2025-07-23T16:05:49.081Z","level":"SYSTEM","message":"Recebido sinal SIGINT, encerrando servidor..."}
{"timestamp":"2025-07-23T16:05:49.084Z","level":"ERROR","message":"Promise rejeitada não tratada","data":{}}
{"timestamp":"2025-07-23T16:05:52.086Z","level":"SYSTEM","message":"Iniciando servidor do sistema de barbearia..."}
{"timestamp":"2025-07-23T16:05:52.088Z","level":"SYSTEM","message":"Inicializando sistema WhatsApp..."}
{"timestamp":"2025-07-23T16:05:52.335Z","level":"SUCCESS","message":"Servidor rodando na porta 3000"}
{"timestamp":"2025-07-23T16:05:52.336Z","level":"SYSTEM","message":"WhatsApp Status: Aguardando conexão"}
{"timestamp":"2025-07-23T16:05:52.337Z","level":"INFO","message":"Sistema de barbearia totalmente operacional!","data":{"port":3000,"whatsappConnected":false,"features":["API REST completa","Controle de conflitos de agendamento","WhatsApp integrado","Chat interativo","Logs avançados"]}}
{"timestamp":"2025-07-23T16:09:03.279Z","level":"SYSTEM","message":"Recebido sinal SIGINT, encerrando servidor..."}
{"timestamp":"2025-07-23T16:09:03.284Z","level":"ERROR","message":"Promise rejeitada não tratada","data":{}}
{"timestamp":"2025-07-23T16:09:06.362Z","level":"SYSTEM","message":"Iniciando servidor do sistema de barbearia..."}
{"timestamp":"2025-07-23T16:09:06.365Z","level":"SYSTEM","message":"Inicializando sistema WhatsApp..."}
{"timestamp":"2025-07-23T16:09:06.616Z","level":"SUCCESS","message":"Servidor rodando na porta 3000"}
{"timestamp":"2025-07-23T16:09:06.617Z","level":"SYSTEM","message":"WhatsApp Status: Aguardando conexão"}
{"timestamp":"2025-07-23T16:09:06.618Z","level":"INFO","message":"Sistema de barbearia totalmente operacional!","data":{"port":3000,"whatsappConnected":false,"features":["API REST completa","Controle de conflitos de agendamento","WhatsApp integrado","Chat interativo","Logs avançados"]}}
{"timestamp":"2025-07-23T16:09:16.255Z","level":"SYSTEM","message":"Recebido sinal SIGINT, encerrando servidor..."}
{"timestamp":"2025-07-23T16:09:16.262Z","level":"SYSTEM","message":"Servidor encerrado com sucesso"}
{"timestamp":"2025-07-23T16:09:18.936Z","level":"SYSTEM","message":"Iniciando servidor do sistema de barbearia..."}
{"timestamp":"2025-07-23T16:09:18.939Z","level":"SYSTEM","message":"Inicializando sistema WhatsApp..."}
{"timestamp":"2025-07-23T16:09:19.240Z","level":"SUCCESS","message":"Servidor rodando na porta 3000"}
{"timestamp":"2025-07-23T16:09:19.241Z","level":"SYSTEM","message":"WhatsApp Status: Aguardando conexão"}
{"timestamp":"2025-07-23T16:09:19.241Z","level":"INFO","message":"Sistema de barbearia totalmente operacional!","data":{"port":3000,"whatsappConnected":false,"features":["API REST completa","Controle de conflitos de agendamento","WhatsApp integrado","Chat interativo","Logs avançados"]}}
{"timestamp":"2025-07-23T16:11:09.731Z","level":"API","message":"POST /barbe - STARTED","data":{"method":"POST","url":"/barbe","statusCode":"STARTED","responseTime":null,"ip":"127.0.0.1","userAgent":"PostmanRuntime/7.44.1","body":{"nome":"Barbearia Premium","nomeProprietario":"João Silva","email":"joao@premium.com","telefone":"5589994582600","senha":"senha123","nomeUrl":"barbearia-premium"}}}
{"timestamp":"2025-07-23T16:11:23.422Z","level":"API","message":"GET /barbearias - STARTED","data":{"method":"GET","url":"/barbearias","statusCode":"STARTED","responseTime":null,"ip":"127.0.0.1","userAgent":"PostmanRuntime/7.44.1"}}
{"timestamp":"2025-07-23T16:11:27.003Z","level":"API","message":"POST /barbearias - STARTED","data":{"method":"POST","url":"/barbearias","statusCode":"STARTED","responseTime":null,"ip":"127.0.0.1","userAgent":"PostmanRuntime/7.44.1","body":{"nome":"Barbearia Premium","nomeProprietario":"João Silva","email":"joao@premium.com","telefone":"5589994582600","senha":"Igor202@","nomeUrl":"barbearia-premium"}}}
{"timestamp":"2025-07-23T16:11:27.005Z","level":"API","message":"POST /barbearias - 400","data":{"method":"POST","url":"/barbearias","statusCode":400,"responseTime":2,"ip":"127.0.0.1","responseSize":44}}
{"timestamp":"2025-07-23T16:14:14.805Z","level":"API","message":"POST /barbearias - STARTED","data":{"method":"POST","url":"/barbearias","statusCode":"STARTED","responseTime":null,"ip":"127.0.0.1","userAgent":"PostmanRuntime/7.44.1","body":{"nome":"Barbearia do Mendes","nomeProprietario":"Mendes Tchola","email":"joao@barbearia.com","senha":"Igor202@","telefone":"5589994582600","nomeUrl":"barbearia-do-joao","plano":"TRIAL","logoUrl":"https://exemplo.com/logo.png","bannerUrl":"https://exemplo.com/banner.png"}}}
{"timestamp":"2025-07-23T16:14:14.895Z","level":"API","message":"POST /barbearias - 201","data":{"method":"POST","url":"/barbearias","statusCode":201,"responseTime":90,"ip":"127.0.0.1","responseSize":204}}
{"timestamp":"2025-07-23T16:15:20.199Z","level":"API","message":"POST /barbeiros - STARTED","data":{"method":"POST","url":"/barbeiros","statusCode":"STARTED","responseTime":null,"ip":"127.0.0.1","userAgent":"PostmanRuntime/7.44.1","body":{"nome":"Osoro Cortador","especialidade":"Cortes modernos e barba","barbeariaId":6}}}
{"timestamp":"2025-07-23T16:15:20.384Z","level":"API","message":"POST /barbeiros - 201","data":{"method":"POST","url":"/barbeiros","statusCode":201,"responseTime":185,"ip":"127.0.0.1","responseSize":384}}
{"timestamp":"2025-07-23T16:16:32.030Z","level":"API","message":"POST /agendamentos - STARTED","data":{"method":"POST","url":"/agendamentos","statusCode":"STARTED","responseTime":null,"ip":"127.0.0.1","userAgent":"PostmanRuntime/7.44.1","body":{"clienteId":3,"barbeiroId":3,"barbeariaId":6,"dataHora":"2025-07-23T13:30:00Z","nomeServico":"Corte Simples","precoServico":25,"status":"AGENDAMENTO_PROGRAMADO"}}}
{"timestamp":"2025-07-23T16:16:33.427Z","level":"API","message":"POST /agendamentos - 201","data":{"method":"POST","url":"/agendamentos","statusCode":201,"responseTime":1397,"ip":"127.0.0.1","responseSize":671}}
{"timestamp":"2025-07-23T16:17:01.572Z","level":"API","message":"POST /agendamentos - STARTED","data":{"method":"POST","url":"/agendamentos","statusCode":"STARTED","responseTime":null,"ip":"127.0.0.1","userAgent":"PostmanRuntime/7.44.1","body":{"clienteId":3,"barbeiroId":3,"barbeariaId":6,"dataHora":"2025-07-23T13:30:00Z","nomeServico":"Corte Simples","precoServico":25,"status":"AGENDAMENTO_PROGRAMADO"}}}
{"timestamp":"2025-07-23T16:17:01.577Z","level":"API","message":"POST /agendamentos - 409","data":{"method":"POST","url":"/agendamentos","statusCode":409,"responseTime":5,"ip":"127.0.0.1","responseSize":325}}
{"timestamp":"2025-07-23T16:17:18.020Z","level":"API","message":"POST /agendamentos - STARTED","data":{"method":"POST","url":"/agendamentos","statusCode":"STARTED","responseTime":null,"ip":"127.0.0.1","userAgent":"PostmanRuntime/7.44.1","body":{"clienteId":3,"barbeiroId":3,"barbeariaId":6,"dataHora":"2025-07-23T14:00:00Z","nomeServico":"Corte Simples","precoServico":25,"status":"AGENDAMENTO_PROGRAMADO"}}}
{"timestamp":"2025-07-23T16:17:18.060Z","level":"API","message":"POST /agendamentos - 201","data":{"method":"POST","url":"/agendamentos","statusCode":201,"responseTime":40,"ip":"127.0.0.1","responseSize":682}}
{"timestamp":"2025-07-23T16:20:24.330Z","level":"API","message":"POST /clientes - STARTED","data":{"method":"POST","url":"/clientes","statusCode":"STARTED","responseTime":null,"ip":"127.0.0.1","userAgent":"PostmanRuntime/7.44.1","body":{"nome":"Matheus Mendes","telefone":"5586995017276","barbeariaId":5}}}
{"timestamp":"2025-07-23T16:20:25.708Z","level":"API","message":"POST /clientes - 201","data":{"method":"POST","url":"/clientes","statusCode":201,"responseTime":1378,"ip":"127.0.0.1","responseSize":92}}
{"timestamp":"2025-07-23T16:39:46.091Z","level":"SYSTEM","message":"Recebido sinal SIGINT, encerrando servidor..."}
{"timestamp":"2025-07-23T16:39:46.123Z","level":"SYSTEM","message":"Servidor encerrado com sucesso"}
{"timestamp":"2025-07-23T16:40:02.356Z","level":"SYSTEM","message":"Iniciando servidor do sistema de barbearia..."}
{"timestamp":"2025-07-23T16:40:02.359Z","level":"SYSTEM","message":"Inicializando sistema WhatsApp..."}
{"timestamp":"2025-07-23T16:40:02.668Z","level":"SUCCESS","message":"Servidor rodando na porta 3000"}
{"timestamp":"2025-07-23T16:40:02.669Z","level":"SYSTEM","message":"WhatsApp Status: Aguardando conexão"}
{"timestamp":"2025-07-23T16:40:02.669Z","level":"INFO","message":"Sistema de barbearia totalmente operacional!","data":{"port":"3000","whatsappConnected":false,"features":["API REST completa","Controle de conflitos de agendamento","WhatsApp integrado","Chat interativo","Logs avançados"]}}
{"timestamp":"2025-07-23T16:46:04.680Z","level":"SYSTEM","message":"Recebido sinal SIGINT, encerrando servidor..."}
{"timestamp":"2025-07-23T16:46:04.707Z","level":"SYSTEM","message":"Servidor encerrado com sucesso"}
{"timestamp":"2025-07-23T16:57:31.580Z","level":"SYSTEM","message":"Iniciando servidor do sistema de barbearia..."}
{"timestamp":"2025-07-23T16:57:31.585Z","level":"SYSTEM","message":"Inicializando sistema WhatsApp..."}
{"timestamp":"2025-07-23T16:57:32.117Z","level":"SUCCESS","message":"Servidor rodando na porta 3000"}
{"timestamp":"2025-07-23T16:57:32.121Z","level":"SYSTEM","message":"WhatsApp Status: Aguardando conexão"}
{"timestamp":"2025-07-23T16:57:32.131Z","level":"INFO","message":"Sistema de barbearia totalmente operacional!","data":{"port":"3000","whatsappConnected":false,"features":["API REST completa","Controle de conflitos de agendamento","WhatsApp integrado","Chat interativo","Logs avançados"]}}
{"timestamp":"2025-07-23T16:59:17.767Z","level":"SYSTEM","message":"Recebido sinal SIGINT, encerrando servidor..."}
{"timestamp":"2025-07-23T16:59:17.808Z","level":"SYSTEM","message":"Servidor encerrado com sucesso"}
{"timestamp":"2025-07-23T17:02:33.594Z","level":"SYSTEM","message":"Iniciando servidor do sistema de barbearia..."}
{"timestamp":"2025-07-23T17:02:33.597Z","level":"SYSTEM","message":"Inicializando sistema WhatsApp..."}
{"timestamp":"2025-07-23T17:02:33.855Z","level":"SUCCESS","message":"Servidor rodando na porta 3000"}
{"timestamp":"2025-07-23T17:02:33.856Z","level":"SYSTEM","message":"WhatsApp Status: Aguardando conexão"}
{"timestamp":"2025-07-23T17:02:33.857Z","level":"INFO","message":"Sistema de barbearia totalmente operacional!","data":{"port":"3000","whatsappConnected":false,"features":["API REST completa","Controle de conflitos de agendamento","WhatsApp integrado","Chat interativo","Logs avançados"]}}
{"timestamp":"2025-07-23T17:02:44.771Z","level":"SYSTEM","message":"Recebido sinal SIGINT, encerrando servidor..."}
{"timestamp":"2025-07-23T17:02:44.778Z","level":"SYSTEM","message":"Servidor encerrado com sucesso"}
{"timestamp":"2025-07-23T17:02:50.408Z","level":"SYSTEM","message":"Iniciando servidor do sistema de barbearia..."}
{"timestamp":"2025-07-23T17:02:50.410Z","level":"SYSTEM","message":"Inicializando sistema WhatsApp..."}
{"timestamp":"2025-07-23T17:02:50.708Z","level":"SUCCESS","message":"Servidor rodando na porta 3000"}
{"timestamp":"2025-07-23T17:02:50.709Z","level":"SYSTEM","message":"WhatsApp Status: Aguardando conexão"}
{"timestamp":"2025-07-23T17:02:50.710Z","level":"INFO","message":"Sistema de barbearia totalmente operacional!","data":{"port":"3000","whatsappConnected":false,"features":["API REST completa","Controle de conflitos de agendamento","WhatsApp integrado","Chat interativo","Logs avançados"]}}
{"timestamp":"2025-07-23T17:04:29.731Z","level":"SYSTEM","message":"Recebido sinal SIGINT, encerrando servidor..."}
{"timestamp":"2025-07-23T17:04:29.756Z","level":"SYSTEM","message":"Servidor encerrado com sucesso"}
{"timestamp":"2025-07-23T17:23:26.058Z","level":"SYSTEM","message":"Iniciando servidor do sistema de barbearia..."}
{"timestamp":"2025-07-23T17:23:26.059Z","level":"SYSTEM","message":"Inicializando sistema WhatsApp..."}
{"timestamp":"2025-07-23T17:23:26.214Z","level":"SUCCESS","message":"Servidor rodando na porta 3000"}
{"timestamp":"2025-07-23T17:23:26.215Z","level":"SYSTEM","message":"WhatsApp Status: Aguardando conexão"}
{"timestamp":"2025-07-23T17:23:26.215Z","level":"INFO","message":"Sistema de barbearia totalmente operacional!","data":{"port":"3000","whatsappConnected":false,"features":["API REST completa","Controle de conflitos de agendamento","WhatsApp integrado","Chat interativo","Logs avançados"]}}
{"timestamp":"2025-07-23T17:30:06.706Z","level":"SYSTEM","message":"Iniciando servidor do sistema de barbearia..."}
{"timestamp":"2025-07-23T17:30:06.708Z","level":"SYSTEM","message":"Inicializando sistema WhatsApp..."}
{"timestamp":"2025-07-23T17:30:07.006Z","level":"SUCCESS","message":"Servidor rodando na porta 3000"}
{"timestamp":"2025-07-23T17:30:07.007Z","level":"SYSTEM","message":"WhatsApp Status: Aguardando conexão"}
{"timestamp":"2025-07-23T17:30:07.008Z","level":"INFO","message":"Sistema de barbearia totalmente operacional!","data":{"port":"3000","whatsappConnected":false,"features":["API REST completa","Controle de conflitos de agendamento","WhatsApp integrado","Chat interativo","Logs avançados"]}}
{"timestamp":"2025-07-23T18:14:32.426Z","level":"SYSTEM","message":"Recebido sinal SIGINT, encerrando servidor..."}
{"timestamp":"2025-07-23T18:14:32.518Z","level":"SYSTEM","message":"Servidor encerrado com sucesso"}
{"timestamp":"2025-07-23T18:14:35.142Z","level":"SYSTEM","message":"Iniciando servidor do sistema de barbearia..."}
{"timestamp":"2025-07-23T18:14:35.143Z","level":"SYSTEM","message":"Inicializando sistema WhatsApp..."}
{"timestamp":"2025-07-23T18:14:35.461Z","level":"SUCCESS","message":"Servidor rodando na porta 3000"}
{"timestamp":"2025-07-23T18:14:35.462Z","level":"SYSTEM","message":"WhatsApp Status: Aguardando conexão"}
{"timestamp":"2025-07-23T18:14:35.464Z","level":"INFO","message":"Sistema de barbearia totalmente operacional!","data":{"port":"3000","whatsappConnected":false,"features":["API REST completa","Controle de conflitos de agendamento","WhatsApp integrado","Chat interativo","Logs avançados"]}}
{"timestamp":"2025-07-23T18:18:32.429Z","level":"SYSTEM","message":"Recebido sinal SIGINT, encerrando servidor..."}
{"timestamp":"2025-07-23T18:18:32.459Z","level":"SYSTEM","message":"Servidor encerrado com sucesso"}
